<?xml version="1.0" encoding="UTF-8"?>
<testng-results skipped="0" failed="0" ignored="0" total="1" passed="1">
  <reporter-output>
  </reporter-output>
  <suite name="NYP Test Script" duration-ms="133047" started-at="2020-08-03T23:23:48Z" finished-at="2020-08-03T23:26:01Z">
    <groups>
    </groups>
    <test name="NYP Home" duration-ms="133047" started-at="2020-08-03T23:23:48Z" finished-at="2020-08-03T23:26:01Z">
      <class name="e2e.TestAllFeatures">
        <test-method status="PASS" signature="setUp(java.lang.String, java.lang.String, java.lang.String, java.lang.String, java.lang.String, java.lang.String, java.lang.String)[pri:0, instance:e2e.TestAllFeatures@5b464ce8]" name="setUp" is-config="true" duration-ms="14915" started-at="2020-08-03T23:23:48Z" finished-at="2020-08-03T23:24:03Z">
          <params>
            <param index="0">
              <value>
                <![CDATA[false]]>
              </value>
            </param>
            <param index="1">
              <value>
                <![CDATA[browserstack]]>
              </value>
            </param>
            <param index="2">
              <value>
                <![CDATA[https://nypost.com/]]>
              </value>
            </param>
            <param index="3">
              <value>
                <![CDATA[OS X]]>
              </value>
            </param>
            <param index="4">
              <value>
                <![CDATA[Sierra]]>
              </value>
            </param>
            <param index="5">
              <value>
                <![CDATA[chrome]]>
              </value>
            </param>
            <param index="6">
              <value>
                <![CDATA[75.0]]>
              </value>
            </param>
          </params>
          <reporter-output>
          </reporter-output>
        </test-method> <!-- setUp -->
        <test-method status="PASS" signature="allFeatures()[pri:0, instance:e2e.TestAllFeatures@5b464ce8]" name="allFeatures" duration-ms="117832" started-at="2020-08-03T23:24:03Z" finished-at="2020-08-03T23:26:01Z">
          <reporter-output>
          </reporter-output>
        </test-method> <!-- allFeatures -->
        <test-method status="PASS" signature="cleanUp()[pri:0, instance:e2e.TestAllFeatures@5b464ce8]" name="cleanUp" is-config="true" duration-ms="225" started-at="2020-08-03T23:26:01Z" finished-at="2020-08-03T23:26:01Z">
          <reporter-output>
          </reporter-output>
        </test-method> <!-- cleanUp -->
      </class> <!-- e2e.TestAllFeatures -->
    </test> <!-- NYP Home -->
  </suite> <!-- NYP Test Script -->
</testng-results>
